<?xml version="1.0" encoding="UTF-8"?>
<coverage generated="1671289346669" clover="3.2.0">
  <project timestamp="1671289346669" name="All files">
    <metrics statements="32" coveredstatements="32" conditionals="3" coveredconditionals="3" methods="10" coveredmethods="10" elements="45" coveredelements="45" complexity="0" loc="32" ncloc="32" packages="1" files="4" classes="4"/>
    <file name="component.ts" path="/Users/dorianmoulart/Documents/code/study/ecs/src/component.ts">
      <metrics statements="2" coveredstatements="2" conditionals="0" coveredconditionals="0" methods="1" coveredmethods="1"/>
      <line num="9" count="1" type="stmt"/>
      <line num="11" count="1" type="stmt"/>
    </file>
    <file name="entity.ts" path="/Users/dorianmoulart/Documents/code/study/ecs/src/entity.ts">
      <metrics statements="8" coveredstatements="8" conditionals="0" coveredconditionals="0" methods="3" coveredmethods="3"/>
      <line num="6" count="1" type="stmt"/>
      <line num="7" count="8" type="stmt"/>
      <line num="8" count="8" type="stmt"/>
      <line num="9" count="8" type="stmt"/>
      <line num="12" count="1" type="stmt"/>
      <line num="13" count="2" type="stmt"/>
      <line num="16" count="1" type="stmt"/>
      <line num="17" count="2" type="stmt"/>
    </file>
    <file name="sparse-set.ts" path="/Users/dorianmoulart/Documents/code/study/ecs/src/sparse-set.ts">
      <metrics statements="15" coveredstatements="15" conditionals="2" coveredconditionals="2" methods="5" coveredmethods="5"/>
      <line num="1" count="3" type="stmt"/>
      <line num="2" count="15" type="stmt"/>
      <line num="3" count="15" type="stmt"/>
      <line num="5" count="15" type="stmt"/>
      <line num="6" count="20" type="stmt"/>
      <line num="9" count="15" type="stmt"/>
      <line num="11" count="15" type="stmt"/>
      <line num="12" count="5" type="cond" truecount="1" falsecount="0"/>
      <line num="14" count="4" type="stmt"/>
      <line num="16" count="4" type="cond" truecount="1" falsecount="0"/>
      <line num="18" count="1" type="stmt"/>
      <line num="19" count="1" type="stmt"/>
      <line num="20" count="1" type="stmt"/>
      <line num="23" count="15" type="stmt"/>
      <line num="25" count="15" type="stmt"/>
    </file>
    <file name="world.ts" path="/Users/dorianmoulart/Documents/code/study/ecs/src/world.ts">
      <metrics statements="7" coveredstatements="7" conditionals="1" coveredconditionals="1" methods="1" coveredmethods="1"/>
      <line num="1" count="2" type="stmt"/>
      <line num="3" count="2" type="stmt"/>
      <line num="7" count="2" type="cond" truecount="1" falsecount="0"/>
      <line num="8" count="6" type="stmt"/>
      <line num="10" count="6" type="stmt"/>
      <line num="12" count="6" type="stmt"/>
      <line num="19" count="6" type="stmt"/>
    </file>
  </project>
</coverage>
