{"/Users/dorianmoulart/Documents/code/study/ecs/src/sparse-set.ts": {"path":"/Users/dorianmoulart/Documents/code/study/ecs/src/sparse-set.ts","statementMap":{"0":{"start":{"line":3,"column":25},"end":{"line":35,"column":1}},"1":{"start":{"line":4,"column":28},"end":{"line":4,"column":30}},"2":{"start":{"line":5,"column":29},"end":{"line":5,"column":31}},"3":{"start":{"line":7,"column":19},"end":{"line":9,"column":5}},"4":{"start":{"line":8,"column":8},"end":{"line":8,"column":null}},"5":{"start":{"line":11,"column":16},"end":{"line":11,"column":57}},"6":{"start":{"line":11,"column":33},"end":{"line":11,"column":57}},"7":{"start":{"line":13,"column":19},"end":{"line":23,"column":5}},"8":{"start":{"line":14,"column":8},"end":{"line":14,"column":28}},"9":{"start":{"line":14,"column":22},"end":{"line":14,"column":28}},"10":{"start":{"line":16,"column":21},"end":{"line":16,"column":42}},"11":{"start":{"line":18,"column":8},"end":{"line":22,"column":null}},"12":{"start":{"line":19,"column":22},"end":{"line":19,"column":33}},"13":{"start":{"line":20,"column":12},"end":{"line":20,"column":null}},"14":{"start":{"line":21,"column":12},"end":{"line":21,"column":null}},"15":{"start":{"line":25,"column":18},"end":{"line":25,"column":36}},"16":{"start":{"line":25,"column":24},"end":{"line":25,"column":36}},"17":{"start":{"line":27,"column":4},"end":{"line":34,"column":null}},"18":{"start":{"line":3,"column":13},"end":{"line":3,"column":25}}},"fnMap":{"0":{"name":"(anonymous_0)","decl":{"start":{"line":3,"column":25},"end":{"line":3,"column":28}},"loc":{"start":{"line":3,"column":30},"end":{"line":35,"column":1}}},"1":{"name":"(anonymous_1)","decl":{"start":{"line":7,"column":19},"end":{"line":7,"column":20}},"loc":{"start":{"line":7,"column":35},"end":{"line":9,"column":5}}},"2":{"name":"(anonymous_2)","decl":{"start":{"line":11,"column":16},"end":{"line":11,"column":17}},"loc":{"start":{"line":11,"column":33},"end":{"line":11,"column":57}}},"3":{"name":"(anonymous_3)","decl":{"start":{"line":13,"column":19},"end":{"line":13,"column":20}},"loc":{"start":{"line":13,"column":35},"end":{"line":23,"column":5}}},"4":{"name":"(anonymous_4)","decl":{"start":{"line":25,"column":18},"end":{"line":25,"column":21}},"loc":{"start":{"line":25,"column":24},"end":{"line":25,"column":36}}}},"branchMap":{"0":{"loc":{"start":{"line":14,"column":8},"end":{"line":14,"column":28}},"type":"if","locations":[{"start":{"line":14,"column":8},"end":{"line":14,"column":28}}]},"1":{"loc":{"start":{"line":18,"column":8},"end":{"line":22,"column":null}},"type":"if","locations":[{"start":{"line":18,"column":8},"end":{"line":22,"column":null}}]}},"s":{"0":1,"1":9,"2":9,"3":9,"4":12,"5":9,"6":6,"7":9,"8":3,"9":1,"10":2,"11":2,"12":1,"13":1,"14":1,"15":9,"16":1,"17":9,"18":1},"f":{"0":9,"1":12,"2":6,"3":3,"4":1},"b":{"0":[1],"1":[1]}}
}
