TN:
SF:src/component.ts
FN:11,(anonymous_0)
FNF:1
FNH:1
FNDA:1,(anonymous_0)
DA:9,1
DA:11,1
LF:2
LH:2
BRF:0
BRH:0
end_of_record
TN:
SF:src/entity.ts
FN:6,(anonymous_0)
FN:12,(anonymous_1)
FN:16,(anonymous_2)
FNF:3
FNH:3
FNDA:8,(anonymous_0)
FNDA:2,(anonymous_1)
FNDA:2,(anonymous_2)
DA:6,1
DA:7,8
DA:8,8
DA:9,8
DA:12,1
DA:13,2
DA:16,1
DA:17,2
LF:8
LH:8
BRF:0
BRH:0
end_of_record
TN:
SF:src/sparse-set.ts
FN:1,(anonymous_0)
FN:5,(anonymous_1)
FN:9,(anonymous_2)
FN:11,(anonymous_3)
FN:23,(anonymous_4)
FNF:5
FNH:5
FNDA:15,(anonymous_0)
FNDA:20,(anonymous_1)
FNDA:10,(anonymous_2)
FNDA:5,(anonymous_3)
FNDA:2,(anonymous_4)
DA:1,3
DA:2,15
DA:3,15
DA:5,15
DA:6,20
DA:9,15
DA:11,15
DA:12,5
DA:14,4
DA:16,4
DA:18,1
DA:19,1
DA:20,1
DA:23,15
DA:25,15
LF:15
LH:15
BRDA:12,0,0,1
BRDA:16,1,0,3
BRF:2
BRH:2
end_of_record
TN:
SF:src/world.ts
FN:7,(anonymous_0)
FNF:1
FNH:1
FNDA:6,(anonymous_0)
DA:1,2
DA:3,2
DA:7,2
DA:8,6
DA:10,6
DA:12,6
DA:19,6
LF:7
LH:7
BRDA:7,0,0,6
BRF:1
BRH:1
end_of_record
